{"/Users/nick/Documents/GitHub/d4l-wl2/d4l_server/src/config/index.ts": {"path":"/Users/nick/Documents/GitHub/d4l-wl2/d4l_server/src/config/index.ts","statementMap":{"0":{"start":{"line":1,"column":0},"end":{"line":1,"column":28}},"1":{"start":{"line":2,"column":0},"end":{"line":2,"column":28}},"2":{"start":{"line":5,"column":0},"end":{"line":5,"column":55}},"3":{"start":{"line":7,"column":15},"end":{"line":25,"column":2}},"4":{"start":{"line":27,"column":0},"end":{"line":27,"column":22}}},"fnMap":{},"branchMap":{"0":{"loc":{"start":{"line":9,"column":19},"end":{"line":9,"column":45}},"type":"binary-expr","locations":[{"start":{"line":9,"column":19},"end":{"line":9,"column":35}},{"start":{"line":9,"column":39},"end":{"line":9,"column":45}}]},"1":{"loc":{"start":{"line":10,"column":10},"end":{"line":10,"column":41}},"type":"binary-expr","locations":[{"start":{"line":10,"column":10},"end":{"line":10,"column":26}},{"start":{"line":10,"column":30},"end":{"line":10,"column":41}}]},"2":{"loc":{"start":{"line":11,"column":13},"end":{"line":11,"column":50}},"type":"binary-expr","locations":[{"start":{"line":11,"column":13},"end":{"line":11,"column":33}},{"start":{"line":11,"column":37},"end":{"line":11,"column":50}}]},"3":{"loc":{"start":{"line":14,"column":12},"end":{"line":14,"column":62}},"type":"binary-expr","locations":[{"start":{"line":14,"column":12},"end":{"line":14,"column":34}},{"start":{"line":14,"column":38},"end":{"line":14,"column":62}}]},"4":{"loc":{"start":{"line":15,"column":25},"end":{"line":15,"column":62}},"type":"binary-expr","locations":[{"start":{"line":15,"column":25},"end":{"line":15,"column":51}},{"start":{"line":15,"column":55},"end":{"line":15,"column":62}}]},"5":{"loc":{"start":{"line":18,"column":12},"end":{"line":18,"column":58}},"type":"binary-expr","locations":[{"start":{"line":18,"column":12},"end":{"line":18,"column":31}},{"start":{"line":18,"column":35},"end":{"line":18,"column":58}}]},"6":{"loc":{"start":{"line":19,"column":22},"end":{"line":19,"column":53}},"type":"binary-expr","locations":[{"start":{"line":19,"column":22},"end":{"line":19,"column":42}},{"start":{"line":19,"column":46},"end":{"line":19,"column":53}}]},"7":{"loc":{"start":{"line":20,"column":25},"end":{"line":20,"column":64}},"type":"binary-expr","locations":[{"start":{"line":20,"column":25},"end":{"line":20,"column":58}},{"start":{"line":20,"column":62},"end":{"line":20,"column":64}}]},"8":{"loc":{"start":{"line":21,"column":29},"end":{"line":21,"column":72}},"type":"binary-expr","locations":[{"start":{"line":21,"column":29},"end":{"line":21,"column":66}},{"start":{"line":21,"column":70},"end":{"line":21,"column":72}}]},"9":{"loc":{"start":{"line":22,"column":27},"end":{"line":22,"column":68}},"type":"binary-expr","locations":[{"start":{"line":22,"column":27},"end":{"line":22,"column":62}},{"start":{"line":22,"column":66},"end":{"line":22,"column":68}}]},"10":{"loc":{"start":{"line":23,"column":16},"end":{"line":23,"column":45}},"type":"binary-expr","locations":[{"start":{"line":23,"column":16},"end":{"line":23,"column":39}},{"start":{"line":23,"column":43},"end":{"line":23,"column":45}}]}},"s":{"0":0,"1":0,"2":0,"3":0,"4":0},"f":{},"b":{"0":[0,0],"1":[0,0],"2":[0,0],"3":[0,0],"4":[0,0],"5":[0,0],"6":[0,0],"7":[0,0],"8":[0,0],"9":[0,0],"10":[0,0]}}
,"/Users/nick/Documents/GitHub/d4l-wl2/d4l_server/src/services/auth.service.ts": {"path":"/Users/nick/Documents/GitHub/d4l-wl2/d4l_server/src/services/auth.service.ts","statementMap":{"0":{"start":{"line":2,"column":0},"end":{"line":2,"column":53}},"1":{"start":{"line":12,"column":4},"end":{"line":17,"column":6}},"2":{"start":{"line":24,"column":4},"end":{"line":24,"column":75}},"3":{"start":{"line":28,"column":4},"end":{"line":28,"column":53}},"4":{"start":{"line":32,"column":4},"end":{"line":32,"column":70}},"5":{"start":{"line":36,"column":4},"end":{"line":36,"column":51}},"6":{"start":{"line":40,"column":4},"end":{"line":40,"column":57}},"7":{"start":{"line":44,"column":4},"end":{"line":44,"column":58}},"8":{"start":{"line":48,"column":4},"end":{"line":48,"column":58}},"9":{"start":{"line":52,"column":4},"end":{"line":52,"column":65}},"10":{"start":{"line":56,"column":4},"end":{"line":56,"column":59}},"11":{"start":{"line":60,"column":4},"end":{"line":60,"column":61}},"12":{"start":{"line":64,"column":4},"end":{"line":64,"column":65}},"13":{"start":{"line":68,"column":4},"end":{"line":68,"column":59}},"14":{"start":{"line":73,"column":4},"end":{"line":78,"column":6}},"15":{"start":{"line":83,"column":4},"end":{"line":83,"column":56}},"16":{"start":{"line":87,"column":0},"end":{"line":87,"column":37}}},"fnMap":{"0":{"name":"(anonymous_1)","decl":{"start":{"line":6,"column":2},"end":{"line":6,"column":7}},"loc":{"start":{"line":10,"column":21},"end":{"line":18,"column":3}}},"1":{"name":"(anonymous_2)","decl":{"start":{"line":20,"column":2},"end":{"line":20,"column":7}},"loc":{"start":{"line":22,"column":21},"end":{"line":25,"column":3}}},"2":{"name":"(anonymous_3)","decl":{"start":{"line":27,"column":2},"end":{"line":27,"column":7}},"loc":{"start":{"line":27,"column":32},"end":{"line":29,"column":3}}},"3":{"name":"(anonymous_4)","decl":{"start":{"line":31,"column":2},"end":{"line":31,"column":7}},"loc":{"start":{"line":31,"column":57},"end":{"line":33,"column":3}}},"4":{"name":"(anonymous_5)","decl":{"start":{"line":35,"column":2},"end":{"line":35,"column":7}},"loc":{"start":{"line":35,"column":30},"end":{"line":37,"column":3}}},"5":{"name":"(anonymous_6)","decl":{"start":{"line":39,"column":2},"end":{"line":39,"column":7}},"loc":{"start":{"line":39,"column":36},"end":{"line":41,"column":3}}},"6":{"name":"(anonymous_7)","decl":{"start":{"line":43,"column":2},"end":{"line":43,"column":7}},"loc":{"start":{"line":43,"column":37},"end":{"line":45,"column":3}}},"7":{"name":"(anonymous_8)","decl":{"start":{"line":47,"column":2},"end":{"line":47,"column":7}},"loc":{"start":{"line":47,"column":37},"end":{"line":49,"column":3}}},"8":{"name":"(anonymous_9)","decl":{"start":{"line":51,"column":2},"end":{"line":51,"column":7}},"loc":{"start":{"line":51,"column":44},"end":{"line":53,"column":3}}},"9":{"name":"(anonymous_10)","decl":{"start":{"line":55,"column":2},"end":{"line":55,"column":7}},"loc":{"start":{"line":55,"column":38},"end":{"line":57,"column":3}}},"10":{"name":"(anonymous_11)","decl":{"start":{"line":59,"column":2},"end":{"line":59,"column":7}},"loc":{"start":{"line":59,"column":40},"end":{"line":61,"column":3}}},"11":{"name":"(anonymous_12)","decl":{"start":{"line":63,"column":2},"end":{"line":63,"column":7}},"loc":{"start":{"line":63,"column":44},"end":{"line":65,"column":3}}},"12":{"name":"(anonymous_13)","decl":{"start":{"line":67,"column":2},"end":{"line":67,"column":7}},"loc":{"start":{"line":67,"column":38},"end":{"line":69,"column":3}}},"13":{"name":"(anonymous_14)","decl":{"start":{"line":72,"column":2},"end":{"line":72,"column":11}},"loc":{"start":{"line":72,"column":93},"end":{"line":79,"column":3}}},"14":{"name":"(anonymous_15)","decl":{"start":{"line":82,"column":2},"end":{"line":82,"column":13}},"loc":{"start":{"line":82,"column":26},"end":{"line":84,"column":3}}}},"branchMap":{"0":{"loc":{"start":{"line":82,"column":14},"end":{"line":82,"column":26}},"type":"default-arg","locations":[{"start":{"line":82,"column":24},"end":{"line":82,"column":26}}]}},"s":{"0":1,"1":1,"2":1,"3":1,"4":1,"5":1,"6":1,"7":1,"8":1,"9":1,"10":1,"11":1,"12":1,"13":1,"14":1,"15":2,"16":1},"f":{"0":1,"1":1,"2":1,"3":1,"4":1,"5":1,"6":1,"7":1,"8":1,"9":1,"10":1,"11":1,"12":1,"13":1,"14":2},"b":{"0":[1]}}
,"/Users/nick/Documents/GitHub/d4l-wl2/d4l_server/src/services/blockchain.service.ts": {"path":"/Users/nick/Documents/GitHub/d4l-wl2/d4l_server/src/services/blockchain.service.ts","statementMap":{"0":{"start":{"line":1,"column":0},"end":{"line":1,"column":32}},"1":{"start":{"line":2,"column":0},"end":{"line":2,"column":31}},"2":{"start":{"line":5,"column":19},"end":{"line":31,"column":2}},"3":{"start":{"line":39,"column":4},"end":{"line":39,"column":73}},"4":{"start":{"line":40,"column":4},"end":{"line":40,"column":81}},"5":{"start":{"line":41,"column":4},"end":{"line":45,"column":6}},"6":{"start":{"line":55,"column":4},"end":{"line":67,"column":5}},"7":{"start":{"line":56,"column":17},"end":{"line":60,"column":null}},"8":{"start":{"line":62,"column":6},"end":{"line":62,"column":22}},"9":{"start":{"line":63,"column":6},"end":{"line":63,"column":18}},"10":{"start":{"line":65,"column":6},"end":{"line":65,"column":54}},"11":{"start":{"line":66,"column":6},"end":{"line":66,"column":18}},"12":{"start":{"line":74,"column":4},"end":{"line":97,"column":5}},"13":{"start":{"line":75,"column":17},"end":{"line":75,"column":80}},"14":{"start":{"line":76,"column":22},"end":{"line":76,"column":37}},"15":{"start":{"line":79,"column":20},"end":{"line":80,"column":null}},"16":{"start":{"line":80,"column":22},"end":{"line":80,"column":74}},"17":{"start":{"line":83,"column":6},"end":{"line":85,"column":7}},"18":{"start":{"line":84,"column":8},"end":{"line":84,"column":49}},"19":{"start":{"line":87,"column":24},"end":{"line":87,"column":37}},"20":{"start":{"line":88,"column":24},"end":{"line":88,"column":37}},"21":{"start":{"line":90,"column":6},"end":{"line":93,"column":8}},"22":{"start":{"line":95,"column":6},"end":{"line":95,"column":48}},"23":{"start":{"line":96,"column":6},"end":{"line":96,"column":18}},"24":{"start":{"line":101,"column":4},"end":{"line":108,"column":5}},"25":{"start":{"line":102,"column":17},"end":{"line":102,"column":58}},"26":{"start":{"line":103,"column":6},"end":{"line":103,"column":22}},"27":{"start":{"line":104,"column":6},"end":{"line":104,"column":18}},"28":{"start":{"line":106,"column":6},"end":{"line":106,"column":49}},"29":{"start":{"line":107,"column":6},"end":{"line":107,"column":18}},"30":{"start":{"line":112,"column":4},"end":{"line":117,"column":5}},"31":{"start":{"line":113,"column":6},"end":{"line":113,"column":72}},"32":{"start":{"line":115,"column":6},"end":{"line":115,"column":56}},"33":{"start":{"line":116,"column":6},"end":{"line":116,"column":18}},"34":{"start":{"line":122,"column":4},"end":{"line":134,"column":5}},"35":{"start":{"line":123,"column":19},"end":{"line":123,"column":58}},"36":{"start":{"line":124,"column":6},"end":{"line":130,"column":8}},"37":{"start":{"line":132,"column":6},"end":{"line":132,"column":50}},"38":{"start":{"line":133,"column":6},"end":{"line":133,"column":18}},"39":{"start":{"line":138,"column":4},"end":{"line":150,"column":5}},"40":{"start":{"line":139,"column":22},"end":{"line":139,"column":67}},"41":{"start":{"line":140,"column":6},"end":{"line":146,"column":8}},"42":{"start":{"line":148,"column":6},"end":{"line":148,"column":53}},"43":{"start":{"line":149,"column":6},"end":{"line":149,"column":18}},"44":{"start":{"line":154,"column":4},"end":{"line":161,"column":5}},"45":{"start":{"line":155,"column":17},"end":{"line":155,"column":63}},"46":{"start":{"line":156,"column":6},"end":{"line":156,"column":22}},"47":{"start":{"line":157,"column":6},"end":{"line":157,"column":18}},"48":{"start":{"line":159,"column":6},"end":{"line":159,"column":55}},"49":{"start":{"line":160,"column":6},"end":{"line":160,"column":18}},"50":{"start":{"line":165,"column":4},"end":{"line":172,"column":5}},"51":{"start":{"line":166,"column":17},"end":{"line":166,"column":63}},"52":{"start":{"line":167,"column":6},"end":{"line":167,"column":22}},"53":{"start":{"line":168,"column":6},"end":{"line":168,"column":18}},"54":{"start":{"line":170,"column":6},"end":{"line":170,"column":55}},"55":{"start":{"line":171,"column":6},"end":{"line":171,"column":18}},"56":{"start":{"line":177,"column":4},"end":{"line":182,"column":5}},"57":{"start":{"line":178,"column":6},"end":{"line":178,"column":67}},"58":{"start":{"line":180,"column":6},"end":{"line":180,"column":64}},"59":{"start":{"line":181,"column":6},"end":{"line":181,"column":18}},"60":{"start":{"line":186,"column":4},"end":{"line":191,"column":5}},"61":{"start":{"line":187,"column":6},"end":{"line":187,"column":61}},"62":{"start":{"line":189,"column":6},"end":{"line":189,"column":61}},"63":{"start":{"line":190,"column":6},"end":{"line":190,"column":18}},"64":{"start":{"line":195,"column":4},"end":{"line":200,"column":5}},"65":{"start":{"line":196,"column":6},"end":{"line":196,"column":63}},"66":{"start":{"line":198,"column":6},"end":{"line":198,"column":61}},"67":{"start":{"line":199,"column":6},"end":{"line":199,"column":18}},"68":{"start":{"line":204,"column":4},"end":{"line":209,"column":5}},"69":{"start":{"line":205,"column":6},"end":{"line":205,"column":67}},"70":{"start":{"line":207,"column":6},"end":{"line":207,"column":68}},"71":{"start":{"line":208,"column":6},"end":{"line":208,"column":18}},"72":{"start":{"line":213,"column":4},"end":{"line":218,"column":5}},"73":{"start":{"line":214,"column":6},"end":{"line":214,"column":61}},"74":{"start":{"line":216,"column":6},"end":{"line":216,"column":65}},"75":{"start":{"line":217,"column":6},"end":{"line":217,"column":18}},"76":{"start":{"line":222,"column":0},"end":{"line":222,"column":39}}},"fnMap":{"0":{"name":"(anonymous_1)","decl":{"start":{"line":38,"column":2},"end":{"line":38,"column":null}},"loc":{"start":{"line":38,"column":2},"end":{"line":46,"column":3}}},"1":{"name":"(anonymous_2)","decl":{"start":{"line":49,"column":2},"end":{"line":49,"column":7}},"loc":{"start":{"line":53,"column":21},"end":{"line":68,"column":3}}},"2":{"name":"(anonymous_3)","decl":{"start":{"line":70,"column":2},"end":{"line":70,"column":7}},"loc":{"start":{"line":72,"column":21},"end":{"line":98,"column":3}}},"3":{"name":"(anonymous_4)","decl":{"start":{"line":80,"column":8},"end":{"line":80,"column":9}},"loc":{"start":{"line":80,"column":22},"end":{"line":80,"column":74}}},"4":{"name":"(anonymous_5)","decl":{"start":{"line":100,"column":2},"end":{"line":100,"column":7}},"loc":{"start":{"line":100,"column":32},"end":{"line":109,"column":3}}},"5":{"name":"(anonymous_6)","decl":{"start":{"line":111,"column":2},"end":{"line":111,"column":7}},"loc":{"start":{"line":111,"column":57},"end":{"line":118,"column":3}}},"6":{"name":"(anonymous_7)","decl":{"start":{"line":121,"column":2},"end":{"line":121,"column":7}},"loc":{"start":{"line":121,"column":30},"end":{"line":135,"column":3}}},"7":{"name":"(anonymous_8)","decl":{"start":{"line":137,"column":2},"end":{"line":137,"column":7}},"loc":{"start":{"line":137,"column":36},"end":{"line":151,"column":3}}},"8":{"name":"(anonymous_9)","decl":{"start":{"line":153,"column":2},"end":{"line":153,"column":7}},"loc":{"start":{"line":153,"column":37},"end":{"line":162,"column":3}}},"9":{"name":"(anonymous_10)","decl":{"start":{"line":164,"column":2},"end":{"line":164,"column":7}},"loc":{"start":{"line":164,"column":37},"end":{"line":173,"column":3}}},"10":{"name":"(anonymous_11)","decl":{"start":{"line":176,"column":2},"end":{"line":176,"column":7}},"loc":{"start":{"line":176,"column":44},"end":{"line":183,"column":3}}},"11":{"name":"(anonymous_12)","decl":{"start":{"line":185,"column":2},"end":{"line":185,"column":7}},"loc":{"start":{"line":185,"column":38},"end":{"line":192,"column":3}}},"12":{"name":"(anonymous_13)","decl":{"start":{"line":194,"column":2},"end":{"line":194,"column":7}},"loc":{"start":{"line":194,"column":40},"end":{"line":201,"column":3}}},"13":{"name":"(anonymous_14)","decl":{"start":{"line":203,"column":2},"end":{"line":203,"column":7}},"loc":{"start":{"line":203,"column":44},"end":{"line":210,"column":3}}},"14":{"name":"(anonymous_15)","decl":{"start":{"line":212,"column":2},"end":{"line":212,"column":7}},"loc":{"start":{"line":212,"column":38},"end":{"line":219,"column":3}}}},"branchMap":{"0":{"loc":{"start":{"line":80,"column":22},"end":{"line":80,"column":74}},"type":"binary-expr","locations":[{"start":{"line":80,"column":22},"end":{"line":80,"column":34}},{"start":{"line":80,"column":38},"end":{"line":80,"column":74}}]},"1":{"loc":{"start":{"line":83,"column":6},"end":{"line":85,"column":7}},"type":"if","locations":[{"start":{"line":83,"column":6},"end":{"line":85,"column":7}}]}},"s":{"0":0,"1":0,"2":0,"3":0,"4":0,"5":0,"6":0,"7":0,"8":0,"9":0,"10":0,"11":0,"12":0,"13":0,"14":0,"15":0,"16":0,"17":0,"18":0,"19":0,"20":0,"21":0,"22":0,"23":0,"24":0,"25":0,"26":0,"27":0,"28":0,"29":0,"30":0,"31":0,"32":0,"33":0,"34":0,"35":0,"36":0,"37":0,"38":0,"39":0,"40":0,"41":0,"42":0,"43":0,"44":0,"45":0,"46":0,"47":0,"48":0,"49":0,"50":0,"51":0,"52":0,"53":0,"54":0,"55":0,"56":0,"57":0,"58":0,"59":0,"60":0,"61":0,"62":0,"63":0,"64":0,"65":0,"66":0,"67":0,"68":0,"69":0,"70":0,"71":0,"72":0,"73":0,"74":0,"75":0,"76":0},"f":{"0":0,"1":0,"2":0,"3":0,"4":0,"5":0,"6":0,"7":0,"8":0,"9":0,"10":0,"11":0,"12":0,"13":0,"14":0},"b":{"0":[0,0],"1":[0]}}
,"/Users/nick/Documents/GitHub/d4l-wl2/d4l_server/src/utils/auth.ts": {"path":"/Users/nick/Documents/GitHub/d4l-wl2/d4l_server/src/utils/auth.ts","statementMap":{"0":{"start":{"line":6,"column":0},"end":{"line":6,"column":7}},"1":{"start":{"line":36,"column":0},"end":{"line":36,"column":16}},"2":{"start":{"line":46,"column":0},"end":{"line":46,"column":16}},"3":{"start":{"line":3,"column":0},"end":{"line":3,"column":51}},"4":{"start":{"line":7,"column":2},"end":{"line":32,"column":3}},"5":{"start":{"line":9,"column":20},"end":{"line":9,"column":57}},"6":{"start":{"line":12,"column":20},"end":{"line":12,"column":88}},"7":{"start":{"line":14,"column":4},"end":{"line":19,"column":5}},"8":{"start":{"line":15,"column":6},"end":{"line":18,"column":9}},"9":{"start":{"line":22,"column":4},"end":{"line":26,"column":6}},"10":{"start":{"line":28,"column":4},"end":{"line":31,"column":7}},"11":{"start":{"line":37,"column":2},"end":{"line":42,"column":4}},"12":{"start":{"line":47,"column":2},"end":{"line":47,"column":54}}},"fnMap":{"0":{"name":"verifyJWT","decl":{"start":{"line":6,"column":22},"end":{"line":6,"column":31}},"loc":{"start":{"line":6,"column":76},"end":{"line":33,"column":1}}},"1":{"name":"getDomain","decl":{"start":{"line":36,"column":16},"end":{"line":36,"column":25}},"loc":{"start":{"line":36,"column":107},"end":{"line":43,"column":1}}},"2":{"name":"getDeadline","decl":{"start":{"line":46,"column":16},"end":{"line":46,"column":27}},"loc":{"start":{"line":46,"column":40},"end":{"line":48,"column":1}}}},"branchMap":{"0":{"loc":{"start":{"line":14,"column":4},"end":{"line":19,"column":5}},"type":"if","locations":[{"start":{"line":14,"column":4},"end":{"line":19,"column":5}}]},"1":{"loc":{"start":{"line":46,"column":28},"end":{"line":46,"column":40}},"type":"default-arg","locations":[{"start":{"line":46,"column":38},"end":{"line":46,"column":40}}]}},"s":{"0":0,"1":0,"2":0,"3":0,"4":0,"5":0,"6":0,"7":0,"8":0,"9":0,"10":0,"11":0,"12":0},"f":{"0":0,"1":0,"2":0},"b":{"0":[0],"1":[0]}}
,"/Users/nick/Documents/GitHub/d4l-wl2/d4l_server/src/utils/client-auth.ts": {"path":"/Users/nick/Documents/GitHub/d4l-wl2/d4l_server/src/utils/client-auth.ts","statementMap":{"0":{"start":{"line":19,"column":0},"end":{"line":19,"column":7}},"1":{"start":{"line":59,"column":0},"end":{"line":59,"column":7}},"2":{"start":{"line":26,"column":17},"end":{"line":26,"column":42}},"3":{"start":{"line":29,"column":16},"end":{"line":36,"column":4}},"4":{"start":{"line":39,"column":15},"end":{"line":44,"column":4}},"5":{"start":{"line":47,"column":20},"end":{"line":47,"column":77}},"6":{"start":{"line":49,"column":2},"end":{"line":49,"column":19}},"7":{"start":{"line":64,"column":17},"end":{"line":64,"column":42}},"8":{"start":{"line":67,"column":16},"end":{"line":72,"column":4}},"9":{"start":{"line":75,"column":15},"end":{"line":78,"column":4}},"10":{"start":{"line":81,"column":20},"end":{"line":81,"column":77}},"11":{"start":{"line":83,"column":2},"end":{"line":83,"column":19}}},"fnMap":{"0":{"name":"signRegistration","decl":{"start":{"line":19,"column":22},"end":{"line":19,"column":38}},"loc":{"start":{"line":24,"column":13},"end":{"line":50,"column":1}}},"1":{"name":"signLogin","decl":{"start":{"line":59,"column":22},"end":{"line":59,"column":31}},"loc":{"start":{"line":62,"column":13},"end":{"line":84,"column":1}}}},"branchMap":{},"s":{"0":0,"1":0,"2":0,"3":0,"4":0,"5":0,"6":0,"7":0,"8":0,"9":0,"10":0,"11":0},"f":{"0":0,"1":0},"b":{}}
}
